<?xml version="1.0" encoding="UTF-8"?>
<!-- Generated by org.testng.reporters.JUnitReportReporter -->
<testsuite skipped="0" hostname="DESKTOP-NKH1TM4" name="org.pom.TestCaller" tests="2" failures="0" timestamp="28 sty 2020 09:05:13 GMT" time="0.008" errors="0">
  <testcase name="TestMethod1" time="0.008" classname="org.pom.TestCaller"/>
  <testcase name="TestMethod2" time="0.000" classname="org.pom.TestCaller"/>
</testsuite> <!-- org.pom.TestCaller -->
